2025-07-31 12:15:50,909 - INFO - Analyzer base path set to: C:\Users\aabir\OneDrive\Desktop\BITS\PS-2\2\Analysis
2025-07-31 12:15:50,909 - INFO - Starting SD card processing...
2025-07-31 12:15:50,909 - INFO - Found 3 text files on removable drive c:/Users/aabir/OneDrive/Desktop/BITS/PS-2/2/Analysis/SD_Card_Auto_Processor
2025-07-31 12:15:50,909 - INFO - Processing file: c:/Users/aabir/OneDrive/Desktop/BITS/PS-2/2/Analysis/SD_Card_Auto_Processor\he.txt
2025-07-31 12:15:50,909 - INFO - Read 6 valid records from c:/Users/aabir/OneDrive/Desktop/BITS/PS-2/2/Analysis/SD_Card_Auto_Processor\he.txt
2025-07-31 12:15:50,909 - INFO - Successfully appended record to C:\Users\aabir\OneDrive\Desktop\BITS\PS-2\2\Analysis\analyser_Cal\EIPL_BIO-CHEQ_Aabir_1.xlsx - Cal.csv
2025-07-31 12:15:50,909 - INFO - Successfully processed Cal record for patient: PMT24205895
2025-07-31 12:15:50,939 - INFO - Successfully appended record to C:\Users\aabir\OneDrive\Desktop\BITS\PS-2\2\Analysis\analyser_Cal\EIPL_BIO-CHEQ_Aabir_1.xlsx - Cal.csv
2025-07-31 12:15:50,942 - INFO - Successfully processed Cal record for patient: PMT24236051
2025-07-31 12:15:50,943 - INFO - Successfully appended record to C:\Users\aabir\OneDrive\Desktop\BITS\PS-2\2\Analysis\analyser_Glucose\EIPL_BIO-CHEQ_Aabir_1.xlsx - Glucose.csv
2025-07-31 12:15:50,943 - INFO - Successfully processed Glucose record for patient: PMT25001685
2025-07-31 12:15:50,947 - INFO - Successfully appended record to C:\Users\aabir\OneDrive\Desktop\BITS\PS-2\2\Analysis\analyser_Glucose\EIPL_BIO-CHEQ_Aabir_1.xlsx - Glucose.csv
2025-07-31 12:15:50,947 - INFO - Successfully processed Glucose record for patient: PMT21008442
2025-07-31 12:15:50,947 - INFO - Successfully appended record to C:\Users\aabir\OneDrive\Desktop\BITS\PS-2\2\Analysis\analyser_Hb\EIPL_BIO-CHEQ_Aabir_1.xlsx - Hb.csv
2025-07-31 12:15:50,963 - INFO - Successfully processed Hb record for patient: PMT24140363
2025-07-31 12:15:50,981 - INFO - Successfully appended record to C:\Users\aabir\OneDrive\Desktop\BITS\PS-2\2\Analysis\analyser_Hb\EIPL_BIO-CHEQ_Aabir_1.xlsx - Hb.csv
2025-07-31 12:15:50,981 - INFO - Successfully processed Hb record for patient: PMT24175398
2025-07-31 12:15:50,981 - INFO - Processing file: c:/Users/aabir/OneDrive/Desktop/BITS/PS-2/2/Analysis/SD_Card_Auto_Processor\requirements.txt
2025-07-31 12:15:50,981 - WARNING - Line 1: Insufficient fields (need at least 5): ['# SD Card Auto Processor Requirements']
2025-07-31 12:15:50,981 - WARNING - Line 3: Insufficient fields (need at least 5): ['# Required packages:']
2025-07-31 12:15:50,981 - WARNING - Line 4: Insufficient fields (need at least 5): ['psutil>=5.8.0  # For proper removable drive detection (SD cards', 'USB drives)']
2025-07-31 12:15:50,981 - WARNING - Line 6: Insufficient fields (need at least 5): ['# Python standard library (no installation required):']
2025-07-31 12:15:50,981 - WARNING - Line 7: Insufficient fields (need at least 5): ['# - csv (for CSV file handling)']
2025-07-31 12:15:50,981 - WARNING - Line 8: Insufficient fields (need at least 5): ['# - json (for configuration files)']
2025-07-31 12:15:50,981 - WARNING - Line 9: Insufficient fields (need at least 5): ['# - logging (for logging)']
2025-07-31 12:15:50,981 - WARNING - Line 10: Insufficient fields (need at least 5): ['# - os (for file system operations)']
2025-07-31 12:15:50,981 - WARNING - Line 11: Insufficient fields (need at least 5): ['# - datetime (for timestamps)']
2025-07-31 12:15:50,981 - WARNING - Line 13: Insufficient fields (need at least 5): ['# Optional packages for future enhancements:']
2025-07-31 12:15:50,981 - WARNING - Line 14: Insufficient fields (need at least 5): ['# pandas>=1.3.0  # For advanced CSV manipulation']
2025-07-31 12:15:50,981 - WARNING - Line 15: Insufficient fields (need at least 5): ['# watchdog>=2.1.0  # For monitoring SD card insertion']
2025-07-31 12:15:50,981 - WARNING - Line 16: Insufficient fields (need at least 5): ['# openpyxl>=3.0.0  # For Excel file support']
2025-07-31 12:15:50,981 - INFO - Read 0 valid records from c:/Users/aabir/OneDrive/Desktop/BITS/PS-2/2/Analysis/SD_Card_Auto_Processor\requirements.txt
2025-07-31 12:15:50,981 - INFO - Processing file: c:/Users/aabir/OneDrive/Desktop/BITS/PS-2/2/Analysis/SD_Card_Auto_Processor\sample_sd_data.txt
2025-07-31 12:15:50,981 - WARNING - Line 1: Insufficient fields (need at least 5): ['# Sample SD Card Data Format']
2025-07-31 12:15:50,981 - WARNING - Line 2: Insufficient fields (need at least 5): ['# This file shows the expected format for SD card text files']
2025-07-31 12:15:50,981 - WARNING - Line 3: Invalid age format: Age
2025-07-31 12:15:50,981 - WARNING - Line 3: Invalid reading format: Reading
2025-07-31 12:15:50,981 - WARNING - Line 5: Insufficient fields (need at least 5): ['# Calcium samples (with optional lifestyle data)']
2025-07-31 12:15:50,981 - WARNING - Line 9: Insufficient fields (need at least 5): ['# Glucose samples (simple format)']
2025-07-31 12:15:50,981 - WARNING - Line 13: Insufficient fields (need at least 5): ['# Hemoglobin samples']
2025-07-31 12:15:50,981 - WARNING - Line 17: Insufficient fields (need at least 5): ['# Chloride samples']
2025-07-31 12:15:50,981 - WARNING - Line 21: Insufficient fields (need at least 5): ['# Mixed format examples with missing optional data']
2025-07-31 12:15:50,981 - INFO - Read 11 valid records from c:/Users/aabir/OneDrive/Desktop/BITS/PS-2/2/Analysis/SD_Card_Auto_Processor\sample_sd_data.txt
2025-07-31 12:15:51,003 - INFO - Successfully appended record to C:\Users\aabir\OneDrive\Desktop\BITS\PS-2\2\Analysis\analyser_Cal\EIPL_BIO-CHEQ_Aabir_1.xlsx - Cal.csv
2025-07-31 12:15:51,003 - INFO - Successfully processed Cal record for patient: PMT24205895
2025-07-31 12:15:51,024 - INFO - Successfully appended record to C:\Users\aabir\OneDrive\Desktop\BITS\PS-2\2\Analysis\analyser_Cal\EIPL_BIO-CHEQ_Aabir_1.xlsx - Cal.csv
2025-07-31 12:15:51,024 - INFO - Successfully processed Cal record for patient: PMT24236051
2025-07-31 12:15:51,042 - INFO - Successfully appended record to C:\Users\aabir\OneDrive\Desktop\BITS\PS-2\2\Analysis\analyser_Glucose\EIPL_BIO-CHEQ_Aabir_1.xlsx - Glucose.csv
2025-07-31 12:15:51,043 - INFO - Successfully processed Glucose record for patient: PMT25001685
2025-07-31 12:15:51,046 - INFO - Successfully appended record to C:\Users\aabir\OneDrive\Desktop\BITS\PS-2\2\Analysis\analyser_Glucose\EIPL_BIO-CHEQ_Aabir_1.xlsx - Glucose.csv
2025-07-31 12:15:51,046 - INFO - Successfully processed Glucose record for patient: PMT21008442
2025-07-31 12:15:51,068 - INFO - Successfully appended record to C:\Users\aabir\OneDrive\Desktop\BITS\PS-2\2\Analysis\analyser_Hb\EIPL_BIO-CHEQ_Aabir_1.xlsx - Hb.csv
2025-07-31 12:15:51,068 - INFO - Successfully processed Hb record for patient: PMT24140363
2025-07-31 12:15:51,089 - INFO - Successfully appended record to C:\Users\aabir\OneDrive\Desktop\BITS\PS-2\2\Analysis\analyser_Hb\EIPL_BIO-CHEQ_Aabir_1.xlsx - Hb.csv
2025-07-31 12:15:51,090 - INFO - Successfully processed Hb record for patient: PMT24175398
2025-07-31 12:15:51,090 - INFO - Successfully appended record to C:\Users\aabir\OneDrive\Desktop\BITS\PS-2\2\Analysis\analyser_Chloride\EIPL_BIO-CHEQ_Aabir_1.xlsx - Chloride.csv
2025-07-31 12:15:51,090 - INFO - Successfully processed Chloride record for patient: PMT25088925
2025-07-31 12:15:51,109 - INFO - Successfully appended record to C:\Users\aabir\OneDrive\Desktop\BITS\PS-2\2\Analysis\analyser_Chloride\EIPL_BIO-CHEQ_Aabir_1.xlsx - Chloride.csv
2025-07-31 12:15:51,109 - INFO - Successfully processed Chloride record for patient: PMT22315634
2025-07-31 12:15:51,112 - INFO - Successfully appended record to C:\Users\aabir\OneDrive\Desktop\BITS\PS-2\2\Analysis\analyser_Cal\EIPL_BIO-CHEQ_Aabir_1.xlsx - Cal.csv
2025-07-31 12:15:51,112 - INFO - Successfully processed Cal record for patient: PMT99999999
2025-07-31 12:15:51,134 - INFO - Successfully appended record to C:\Users\aabir\OneDrive\Desktop\BITS\PS-2\2\Analysis\analyser_Glucose\EIPL_BIO-CHEQ_Aabir_1.xlsx - Glucose.csv
2025-07-31 12:15:51,134 - INFO - Successfully processed Glucose record for patient: PMT88888888
2025-07-31 12:15:51,147 - ERROR - Required field 'BIO-CHEQ' is empty for Hb
2025-07-31 12:15:51,147 - INFO - Processing complete: 16/17 records processed successfully
