2025-07-31 12:15:02,270 - INFO - Starting SD card processing...
2025-07-31 12:15:02,270 - INFO - Found 3 text files on removable drive c:/Users/aabir/OneDrive/Desktop/BITS/PS-2/2/Analysis/SD_Card_Auto_Processor
2025-07-31 12:15:02,270 - INFO - Processing file: c:/Users/aabir/OneDrive/Desktop/BITS/PS-2/2/Analysis/SD_Card_Auto_Processor\he.txt
2025-07-31 12:15:02,270 - INFO - Read 6 valid records from c:/Users/aabir/OneDrive/Desktop/BITS/PS-2/2/Analysis/SD_Card_Auto_Processor\he.txt
2025-07-31 12:15:02,270 - ERROR - Target EIPL file not found: C:\Users\aabir\OneDrive\Desktop\BITS\PS-2\2\Analysis\SD_Card_Auto_Processor\analyser_Cal\EIPL_BIO-CHEQ_Aabir_1.xlsx - Cal.csv
2025-07-31 12:15:02,270 - ERROR - Target EIPL file not found: C:\Users\aabir\OneDrive\Desktop\BITS\PS-2\2\Analysis\SD_Card_Auto_Processor\analyser_Cal\EIPL_BIO-CHEQ_Aabir_1.xlsx - Cal.csv
2025-07-31 12:15:02,270 - ERROR - Target EIPL file not found: C:\Users\aabir\OneDrive\Desktop\BITS\PS-2\2\Analysis\SD_Card_Auto_Processor\analyser_Glucose\EIPL_BIO-CHEQ_Aabir_1.xlsx - Glucose.csv
2025-07-31 12:15:02,270 - ERROR - Target EIPL file not found: C:\Users\aabir\OneDrive\Desktop\BITS\PS-2\2\Analysis\SD_Card_Auto_Processor\analyser_Glucose\EIPL_BIO-CHEQ_Aabir_1.xlsx - Glucose.csv
2025-07-31 12:15:02,270 - ERROR - Target EIPL file not found: C:\Users\aabir\OneDrive\Desktop\BITS\PS-2\2\Analysis\SD_Card_Auto_Processor\analyser_Hb\EIPL_BIO-CHEQ_Aabir_1.xlsx - Hb.csv
2025-07-31 12:15:02,270 - ERROR - Target EIPL file not found: C:\Users\aabir\OneDrive\Desktop\BITS\PS-2\2\Analysis\SD_Card_Auto_Processor\analyser_Hb\EIPL_BIO-CHEQ_Aabir_1.xlsx - Hb.csv
2025-07-31 12:15:02,270 - INFO - Processing file: c:/Users/aabir/OneDrive/Desktop/BITS/PS-2/2/Analysis/SD_Card_Auto_Processor\requirements.txt
2025-07-31 12:15:02,270 - WARNING - Line 1: Insufficient fields (need at least 5): ['# SD Card Auto Processor Requirements']
2025-07-31 12:15:02,283 - WARNING - Line 3: Insufficient fields (need at least 5): ['# Required packages:']
2025-07-31 12:15:02,283 - WARNING - Line 4: Insufficient fields (need at least 5): ['psutil>=5.8.0  # For proper removable drive detection (SD cards', 'USB drives)']
2025-07-31 12:15:02,283 - WARNING - Line 6: Insufficient fields (need at least 5): ['# Python standard library (no installation required):']
2025-07-31 12:15:02,284 - WARNING - Line 7: Insufficient fields (need at least 5): ['# - csv (for CSV file handling)']
2025-07-31 12:15:02,284 - WARNING - Line 8: Insufficient fields (need at least 5): ['# - json (for configuration files)']
2025-07-31 12:15:02,284 - WARNING - Line 9: Insufficient fields (need at least 5): ['# - logging (for logging)']
2025-07-31 12:15:02,284 - WARNING - Line 10: Insufficient fields (need at least 5): ['# - os (for file system operations)']
2025-07-31 12:15:02,285 - WARNING - Line 11: Insufficient fields (need at least 5): ['# - datetime (for timestamps)']
2025-07-31 12:15:02,285 - WARNING - Line 13: Insufficient fields (need at least 5): ['# Optional packages for future enhancements:']
2025-07-31 12:15:02,285 - WARNING - Line 14: Insufficient fields (need at least 5): ['# pandas>=1.3.0  # For advanced CSV manipulation']
2025-07-31 12:15:02,286 - WARNING - Line 15: Insufficient fields (need at least 5): ['# watchdog>=2.1.0  # For monitoring SD card insertion']
2025-07-31 12:15:02,286 - WARNING - Line 16: Insufficient fields (need at least 5): ['# openpyxl>=3.0.0  # For Excel file support']
2025-07-31 12:15:02,286 - INFO - Read 0 valid records from c:/Users/aabir/OneDrive/Desktop/BITS/PS-2/2/Analysis/SD_Card_Auto_Processor\requirements.txt
2025-07-31 12:15:02,287 - INFO - Processing file: c:/Users/aabir/OneDrive/Desktop/BITS/PS-2/2/Analysis/SD_Card_Auto_Processor\sample_sd_data.txt
2025-07-31 12:15:02,287 - WARNING - Line 1: Insufficient fields (need at least 5): ['# Sample SD Card Data Format']
2025-07-31 12:15:02,287 - WARNING - Line 2: Insufficient fields (need at least 5): ['# This file shows the expected format for SD card text files']
2025-07-31 12:15:02,288 - WARNING - Line 3: Invalid age format: Age
2025-07-31 12:15:02,289 - WARNING - Line 3: Invalid reading format: Reading
2025-07-31 12:15:02,289 - WARNING - Line 5: Insufficient fields (need at least 5): ['# Calcium samples (with optional lifestyle data)']
2025-07-31 12:15:02,289 - WARNING - Line 9: Insufficient fields (need at least 5): ['# Glucose samples (simple format)']
2025-07-31 12:15:02,290 - WARNING - Line 13: Insufficient fields (need at least 5): ['# Hemoglobin samples']
2025-07-31 12:15:02,290 - WARNING - Line 17: Insufficient fields (need at least 5): ['# Chloride samples']
2025-07-31 12:15:02,290 - WARNING - Line 21: Insufficient fields (need at least 5): ['# Mixed format examples with missing optional data']
2025-07-31 12:15:02,290 - INFO - Read 11 valid records from c:/Users/aabir/OneDrive/Desktop/BITS/PS-2/2/Analysis/SD_Card_Auto_Processor\sample_sd_data.txt
2025-07-31 12:15:02,291 - ERROR - Target EIPL file not found: C:\Users\aabir\OneDrive\Desktop\BITS\PS-2\2\Analysis\SD_Card_Auto_Processor\analyser_Cal\EIPL_BIO-CHEQ_Aabir_1.xlsx - Cal.csv
2025-07-31 12:15:02,291 - ERROR - Target EIPL file not found: C:\Users\aabir\OneDrive\Desktop\BITS\PS-2\2\Analysis\SD_Card_Auto_Processor\analyser_Cal\EIPL_BIO-CHEQ_Aabir_1.xlsx - Cal.csv
2025-07-31 12:15:02,291 - ERROR - Target EIPL file not found: C:\Users\aabir\OneDrive\Desktop\BITS\PS-2\2\Analysis\SD_Card_Auto_Processor\analyser_Glucose\EIPL_BIO-CHEQ_Aabir_1.xlsx - Glucose.csv
2025-07-31 12:15:02,292 - ERROR - Target EIPL file not found: C:\Users\aabir\OneDrive\Desktop\BITS\PS-2\2\Analysis\SD_Card_Auto_Processor\analyser_Glucose\EIPL_BIO-CHEQ_Aabir_1.xlsx - Glucose.csv
2025-07-31 12:15:02,292 - ERROR - Target EIPL file not found: C:\Users\aabir\OneDrive\Desktop\BITS\PS-2\2\Analysis\SD_Card_Auto_Processor\analyser_Hb\EIPL_BIO-CHEQ_Aabir_1.xlsx - Hb.csv
2025-07-31 12:15:02,292 - ERROR - Target EIPL file not found: C:\Users\aabir\OneDrive\Desktop\BITS\PS-2\2\Analysis\SD_Card_Auto_Processor\analyser_Hb\EIPL_BIO-CHEQ_Aabir_1.xlsx - Hb.csv
2025-07-31 12:15:02,293 - ERROR - Target EIPL file not found: C:\Users\aabir\OneDrive\Desktop\BITS\PS-2\2\Analysis\SD_Card_Auto_Processor\analyser_Chloride\EIPL_BIO-CHEQ_Aabir_1.xlsx - Chloride.csv
2025-07-31 12:15:02,293 - ERROR - Target EIPL file not found: C:\Users\aabir\OneDrive\Desktop\BITS\PS-2\2\Analysis\SD_Card_Auto_Processor\analyser_Chloride\EIPL_BIO-CHEQ_Aabir_1.xlsx - Chloride.csv
2025-07-31 12:15:02,293 - ERROR - Target EIPL file not found: C:\Users\aabir\OneDrive\Desktop\BITS\PS-2\2\Analysis\SD_Card_Auto_Processor\analyser_Cal\EIPL_BIO-CHEQ_Aabir_1.xlsx - Cal.csv
2025-07-31 12:15:02,293 - ERROR - Target EIPL file not found: C:\Users\aabir\OneDrive\Desktop\BITS\PS-2\2\Analysis\SD_Card_Auto_Processor\analyser_Glucose\EIPL_BIO-CHEQ_Aabir_1.xlsx - Glucose.csv
2025-07-31 12:15:02,294 - ERROR - Target EIPL file not found: C:\Users\aabir\OneDrive\Desktop\BITS\PS-2\2\Analysis\SD_Card_Auto_Processor\analyser_Hb\EIPL_BIO-CHEQ_Aabir_1.xlsx - Hb.csv
2025-07-31 12:15:02,294 - INFO - Processing complete: 0/17 records processed successfully
